2023-06-04 11:28:26,801 INFO  [Log4j] **************************************************************************************** 
2023-06-04 11:28:26,801 INFO  [Log4j] **************************************************************************************** 
2023-06-04 11:28:26,801 INFO  [Log4j] $$$$$$$$$$$$$$$$$$$$$                 getMethodwithPathParamAllProducts       $$$$$$$$$$$$$$$$$$$$$$$$$ 
2023-06-04 11:28:26,801 INFO  [Log4j] **************************************************************************************** 
2023-06-04 11:28:26,801 INFO  [Log4j] **************************************************************************************** 
2023-06-04 11:28:28,258 INFO  [Log4j] <html lang="en">
  <head>
    <meta charset="utf-8"/>
    <meta http-equiv="X-UA-Compatible" content="IE=edge"/>
    <meta name="viewport" content="width=device-width, initial-scale=1"/>
    <meta name="description" content="Medicare Website Using Spring MVC and Hibernate"/>
    <meta name="author" content="Simplilearn"/>
    <meta name="_csrf" content="8a16a107-6d63-4af2-b81b-f99838941a23"/>
    <meta name="_csrf_header" content="X-CSRF-TOKEN"/>
    <title>Medicare - All Products</title>
    <script>
	window.menu = 'All Products';
	
	window.contextRoot = '/medicare'
	
</script>
    <link href="/medicare/resources/css/bootstrap.min.css" rel="stylesheet"/>
    <link href="/medicare/resources/css/bootstrap-readable-theme.css" rel="stylesheet"/>
    <link href="/medicare/resources/css/dataTables.bootstrap.css" rel="stylesheet"/>
    <link href="/medicare/resources/css/myapp.css" rel="stylesheet"/>
  </head>
  <body>
    <div class="se-pre-con"/>
    <div class="wrapper">
      <script>
		window.userRole = '';
	</script>
      <nav class="navbar navbar-inverse navbar-fixed-top" role="navigation">
        <div class="container">
          <div class="navbar-header">
            <button type="button" class="navbar-toggle" data-toggle="collapse" data-target="#bs-example-navbar-collapse-1">
              <span class="sr-only">Toggle navigation</span>
              <span class="icon-bar"/>
              <span class="icon-bar"/>
              <span class="icon-bar"/>
            </button>
            <a shape="rect" class="navbar-brand" href="/medicare/home">Medicare</a>
          </div>
          <div class="collapse navbar-collapse" id="bs-example-navbar-collapse-1">
            <ul class="nav navbar-nav">
              <li id="about">
                <a shape="rect" href="/medicare/about">About</a>
              </li>
              <li id="contact">
                <a shape="rect" href="/medicare/contact">Contact</a>
              </li>
              <li id="listProducts">
                <a shape="rect" href="/medicare/show/all/products">View Products</a>
              </li>
            </ul>
            <ul class="nav navbar-nav navbar-right">
              <li id="signup">
                <a shape="rect" href="/medicare/membership">Sign Up</a>
              </li>
              <li id="login">
                <a shape="rect" href="/medicare/login">Login</a>
              </li>
            </ul>
          </div>
        </div>
      </nav>
      <div class="content">
        <div class="container">
          <div class="row">
            <div class="col-md-3">
              <p class="lead">Categories</p>
              <div class="list-group">
                <a shape="rect" class="list-group-item" id="a_Antipyretics" href="/medicare/show/category/1/products">Antipyretics</a>
                <a shape="rect" class="list-group-item" id="a_Analgesics" href="/medicare/show/category/2/products">Analgesics</a>
                <a shape="rect" class="list-group-item" id="a_Antibiotics" href="/medicare/show/category/3/products">Antibiotics</a>
              </div>
            </div>
            <div class="col-md-9">
              <div class="row">
                <div class="col-lg-12">
                  <script>
							window.categoryId = '';
						</script>
                  <ol class="breadcrumb">
                    <li>
                      <a shape="rect" href="/medicare/home">Home</a>
                    </li>
                    <li class="active">All Products</li>
                  </ol>
                </div>
              </div>
              <div class="row">
                <div class="col-xs-12">
                  <table class="table table-striped table-borderd" id="productListTable">
                    <thead>
                      <tr>
                        <th colspan="1" rowspan="1"/>
                        <th colspan="1" rowspan="1">Name</th>
                        <th colspan="1" rowspan="1">Brand</th>
                        <th colspan="1" rowspan="1">Price</th>
                        <th colspan="1" rowspan="1">Qty. Available</th>
                        <th colspan="1" rowspan="1"/>
                      </tr>
                    </thead>
                    <tfoot>
                      <tr>
                        <th colspan="1" rowspan="1"/>
                        <th colspan="1" rowspan="1">Name</th>
                        <th colspan="1" rowspan="1">Brand</th>
                        <th colspan="1" rowspan="1">Price</th>
                        <th colspan="1" rowspan="1">Qty. Available</th>
                        <th colspan="1" rowspan="1"/>
                      </tr>
                    </tfoot>
                  </table>
                </div>
              </div>
            </div>
          </div>
        </div>
      </div>
      <div class="container footer">
        <hr/>
        <footer>
          <div class="row">
            <div class="col-lg-12">
              <p>Copyright © Medicare - Designed and Developed By Simplilearn</p>
            </div>
          </div>
        </footer>
      </div>
      <script src="/medicare/resources/js/jquery.js"/>
      <script src="/medicare/resources/js/jquery.validate.js"/>
      <script src="/medicare/resources/js/bootstrap.min.js"/>
      <script src="/medicare/resources/js/jquery.dataTables.js"/>
      <script src="/medicare/resources/js/dataTables.bootstrap.js"/>
      <script src="/medicare/resources/js/bootbox.min.js"/>
      <script src="/medicare/resources/js/myapp.js"/>
    </div>
  </body>
</html> 
2023-06-04 11:28:28,291 INFO  [Log4j] **************************************************************************************** 
2023-06-04 11:28:28,291 INFO  [Log4j] **************************************************************************************** 
2023-06-04 11:28:28,291 INFO  [Log4j] $$$$$$$$$$$$$$$$$$$$$                 getMethodwithPathParamcategory2Prods       $$$$$$$$$$$$$$$$$$$$$$$$$ 
2023-06-04 11:28:28,291 INFO  [Log4j] **************************************************************************************** 
2023-06-04 11:28:28,291 INFO  [Log4j] **************************************************************************************** 
2023-06-04 11:28:28,347 INFO  [Log4j] <html lang="en">
  <head>
    <meta charset="utf-8"/>
    <meta http-equiv="X-UA-Compatible" content="IE=edge"/>
    <meta name="viewport" content="width=device-width, initial-scale=1"/>
    <meta name="description" content="Medicare Website Using Spring MVC and Hibernate"/>
    <meta name="author" content="Simplilearn"/>
    <meta name="_csrf" content="ca8df1fc-cec7-42e7-abc9-66b0eba6b494"/>
    <meta name="_csrf_header" content="X-CSRF-TOKEN"/>
    <title>Medicare - Analgesics</title>
    <script>
	window.menu = 'Analgesics';
	
	window.contextRoot = '/medicare'
	
</script>
    <link href="/medicare/resources/css/bootstrap.min.css" rel="stylesheet"/>
    <link href="/medicare/resources/css/bootstrap-readable-theme.css" rel="stylesheet"/>
    <link href="/medicare/resources/css/dataTables.bootstrap.css" rel="stylesheet"/>
    <link href="/medicare/resources/css/myapp.css" rel="stylesheet"/>
  </head>
  <body>
    <div class="se-pre-con"/>
    <div class="wrapper">
      <script>
		window.userRole = '';
	</script>
      <nav class="navbar navbar-inverse navbar-fixed-top" role="navigation">
        <div class="container">
          <div class="navbar-header">
            <button type="button" class="navbar-toggle" data-toggle="collapse" data-target="#bs-example-navbar-collapse-1">
              <span class="sr-only">Toggle navigation</span>
              <span class="icon-bar"/>
              <span class="icon-bar"/>
              <span class="icon-bar"/>
            </button>
            <a shape="rect" class="navbar-brand" href="/medicare/home">Medicare</a>
          </div>
          <div class="collapse navbar-collapse" id="bs-example-navbar-collapse-1">
            <ul class="nav navbar-nav">
              <li id="about">
                <a shape="rect" href="/medicare/about">About</a>
              </li>
              <li id="contact">
                <a shape="rect" href="/medicare/contact">Contact</a>
              </li>
              <li id="listProducts">
                <a shape="rect" href="/medicare/show/all/products">View Products</a>
              </li>
            </ul>
            <ul class="nav navbar-nav navbar-right">
              <li id="signup">
                <a shape="rect" href="/medicare/membership">Sign Up</a>
              </li>
              <li id="login">
                <a shape="rect" href="/medicare/login">Login</a>
              </li>
            </ul>
          </div>
        </div>
      </nav>
      <div class="content">
        <div class="container">
          <div class="row">
            <div class="col-md-3">
              <p class="lead">Categories</p>
              <div class="list-group">
                <a shape="rect" class="list-group-item" id="a_Antipyretics" href="/medicare/show/category/1/products">Antipyretics</a>
                <a shape="rect" class="list-group-item" id="a_Analgesics" href="/medicare/show/category/2/products">Analgesics</a>
                <a shape="rect" class="list-group-item" id="a_Antibiotics" href="/medicare/show/category/3/products">Antibiotics</a>
              </div>
            </div>
            <div class="col-md-9">
              <div class="row">
                <div class="col-lg-12">
                  <script>
							window.categoryId = '2';
						</script>
                  <ol class="breadcrumb">
                    <li>
                      <a shape="rect" href="/medicare/home">Home</a>
                    </li>
                    <li class="active">Category</li>
                    <li class="active">Analgesics</li>
                  </ol>
                </div>
              </div>
              <div class="row">
                <div class="col-xs-12">
                  <table class="table table-striped table-borderd" id="productListTable">
                    <thead>
                      <tr>
                        <th colspan="1" rowspan="1"/>
                        <th colspan="1" rowspan="1">Name</th>
                        <th colspan="1" rowspan="1">Brand</th>
                        <th colspan="1" rowspan="1">Price</th>
                        <th colspan="1" rowspan="1">Qty. Available</th>
                        <th colspan="1" rowspan="1"/>
                      </tr>
                    </thead>
                    <tfoot>
                      <tr>
                        <th colspan="1" rowspan="1"/>
                        <th colspan="1" rowspan="1">Name</th>
                        <th colspan="1" rowspan="1">Brand</th>
                        <th colspan="1" rowspan="1">Price</th>
                        <th colspan="1" rowspan="1">Qty. Available</th>
                        <th colspan="1" rowspan="1"/>
                      </tr>
                    </tfoot>
                  </table>
                </div>
              </div>
            </div>
          </div>
        </div>
      </div>
      <div class="container footer">
        <hr/>
        <footer>
          <div class="row">
            <div class="col-lg-12">
              <p>Copyright © Medicare - Designed and Developed By Simplilearn</p>
            </div>
          </div>
        </footer>
      </div>
      <script src="/medicare/resources/js/jquery.js"/>
      <script src="/medicare/resources/js/jquery.validate.js"/>
      <script src="/medicare/resources/js/bootstrap.min.js"/>
      <script src="/medicare/resources/js/jquery.dataTables.js"/>
      <script src="/medicare/resources/js/dataTables.bootstrap.js"/>
      <script src="/medicare/resources/js/bootbox.min.js"/>
      <script src="/medicare/resources/js/myapp.js"/>
    </div>
  </body>
</html> 
2023-06-04 11:29:25,366 INFO  [Log4j] **************************************************************************************** 
2023-06-04 11:29:25,367 INFO  [Log4j] **************************************************************************************** 
2023-06-04 11:29:25,367 INFO  [Log4j] $$$$$$$$$$$$$$$$$$$$$                 getMethodwithPathParamAllProducts       $$$$$$$$$$$$$$$$$$$$$$$$$ 
2023-06-04 11:29:25,367 INFO  [Log4j] **************************************************************************************** 
2023-06-04 11:29:25,367 INFO  [Log4j] **************************************************************************************** 
2023-06-04 11:29:26,809 INFO  [Log4j] <html lang="en">
  <head>
    <meta charset="utf-8"/>
    <meta http-equiv="X-UA-Compatible" content="IE=edge"/>
    <meta name="viewport" content="width=device-width, initial-scale=1"/>
    <meta name="description" content="Medicare Website Using Spring MVC and Hibernate"/>
    <meta name="author" content="Simplilearn"/>
    <meta name="_csrf" content="3ff75ee5-3e0c-417f-afcd-9ee2331ea2c9"/>
    <meta name="_csrf_header" content="X-CSRF-TOKEN"/>
    <title>Medicare - All Products</title>
    <script>
	window.menu = 'All Products';
	
	window.contextRoot = '/medicare'
	
</script>
    <link href="/medicare/resources/css/bootstrap.min.css" rel="stylesheet"/>
    <link href="/medicare/resources/css/bootstrap-readable-theme.css" rel="stylesheet"/>
    <link href="/medicare/resources/css/dataTables.bootstrap.css" rel="stylesheet"/>
    <link href="/medicare/resources/css/myapp.css" rel="stylesheet"/>
  </head>
  <body>
    <div class="se-pre-con"/>
    <div class="wrapper">
      <script>
		window.userRole = '';
	</script>
      <nav class="navbar navbar-inverse navbar-fixed-top" role="navigation">
        <div class="container">
          <div class="navbar-header">
            <button type="button" class="navbar-toggle" data-toggle="collapse" data-target="#bs-example-navbar-collapse-1">
              <span class="sr-only">Toggle navigation</span>
              <span class="icon-bar"/>
              <span class="icon-bar"/>
              <span class="icon-bar"/>
            </button>
            <a shape="rect" class="navbar-brand" href="/medicare/home">Medicare</a>
          </div>
          <div class="collapse navbar-collapse" id="bs-example-navbar-collapse-1">
            <ul class="nav navbar-nav">
              <li id="about">
                <a shape="rect" href="/medicare/about">About</a>
              </li>
              <li id="contact">
                <a shape="rect" href="/medicare/contact">Contact</a>
              </li>
              <li id="listProducts">
                <a shape="rect" href="/medicare/show/all/products">View Products</a>
              </li>
            </ul>
            <ul class="nav navbar-nav navbar-right">
              <li id="signup">
                <a shape="rect" href="/medicare/membership">Sign Up</a>
              </li>
              <li id="login">
                <a shape="rect" href="/medicare/login">Login</a>
              </li>
            </ul>
          </div>
        </div>
      </nav>
      <div class="content">
        <div class="container">
          <div class="row">
            <div class="col-md-3">
              <p class="lead">Categories</p>
              <div class="list-group">
                <a shape="rect" class="list-group-item" id="a_Antipyretics" href="/medicare/show/category/1/products">Antipyretics</a>
                <a shape="rect" class="list-group-item" id="a_Analgesics" href="/medicare/show/category/2/products">Analgesics</a>
                <a shape="rect" class="list-group-item" id="a_Antibiotics" href="/medicare/show/category/3/products">Antibiotics</a>
              </div>
            </div>
            <div class="col-md-9">
              <div class="row">
                <div class="col-lg-12">
                  <script>
							window.categoryId = '';
						</script>
                  <ol class="breadcrumb">
                    <li>
                      <a shape="rect" href="/medicare/home">Home</a>
                    </li>
                    <li class="active">All Products</li>
                  </ol>
                </div>
              </div>
              <div class="row">
                <div class="col-xs-12">
                  <table class="table table-striped table-borderd" id="productListTable">
                    <thead>
                      <tr>
                        <th colspan="1" rowspan="1"/>
                        <th colspan="1" rowspan="1">Name</th>
                        <th colspan="1" rowspan="1">Brand</th>
                        <th colspan="1" rowspan="1">Price</th>
                        <th colspan="1" rowspan="1">Qty. Available</th>
                        <th colspan="1" rowspan="1"/>
                      </tr>
                    </thead>
                    <tfoot>
                      <tr>
                        <th colspan="1" rowspan="1"/>
                        <th colspan="1" rowspan="1">Name</th>
                        <th colspan="1" rowspan="1">Brand</th>
                        <th colspan="1" rowspan="1">Price</th>
                        <th colspan="1" rowspan="1">Qty. Available</th>
                        <th colspan="1" rowspan="1"/>
                      </tr>
                    </tfoot>
                  </table>
                </div>
              </div>
            </div>
          </div>
        </div>
      </div>
      <div class="container footer">
        <hr/>
        <footer>
          <div class="row">
            <div class="col-lg-12">
              <p>Copyright © Medicare - Designed and Developed By Simplilearn</p>
            </div>
          </div>
        </footer>
      </div>
      <script src="/medicare/resources/js/jquery.js"/>
      <script src="/medicare/resources/js/jquery.validate.js"/>
      <script src="/medicare/resources/js/bootstrap.min.js"/>
      <script src="/medicare/resources/js/jquery.dataTables.js"/>
      <script src="/medicare/resources/js/dataTables.bootstrap.js"/>
      <script src="/medicare/resources/js/bootbox.min.js"/>
      <script src="/medicare/resources/js/myapp.js"/>
    </div>
  </body>
</html> 
2023-06-04 11:29:31,367 INFO  [Log4j] **************************************************************************************** 
2023-06-04 11:29:31,367 INFO  [Log4j] **************************************************************************************** 
2023-06-04 11:29:31,367 INFO  [Log4j] $$$$$$$$$$$$$$$$$$$$$                 getMethodwithPathParamcategory2Prods       $$$$$$$$$$$$$$$$$$$$$$$$$ 
2023-06-04 11:29:31,367 INFO  [Log4j] **************************************************************************************** 
2023-06-04 11:29:31,367 INFO  [Log4j] **************************************************************************************** 
2023-06-04 11:29:32,753 INFO  [Log4j] <html lang="en">
  <head>
    <meta charset="utf-8"/>
    <meta http-equiv="X-UA-Compatible" content="IE=edge"/>
    <meta name="viewport" content="width=device-width, initial-scale=1"/>
    <meta name="description" content="Medicare Website Using Spring MVC and Hibernate"/>
    <meta name="author" content="Simplilearn"/>
    <meta name="_csrf" content="b0a09a70-4e04-4c87-8f96-a3b80fa3b201"/>
    <meta name="_csrf_header" content="X-CSRF-TOKEN"/>
    <title>Medicare - Analgesics</title>
    <script>
	window.menu = 'Analgesics';
	
	window.contextRoot = '/medicare'
	
</script>
    <link href="/medicare/resources/css/bootstrap.min.css" rel="stylesheet"/>
    <link href="/medicare/resources/css/bootstrap-readable-theme.css" rel="stylesheet"/>
    <link href="/medicare/resources/css/dataTables.bootstrap.css" rel="stylesheet"/>
    <link href="/medicare/resources/css/myapp.css" rel="stylesheet"/>
  </head>
  <body>
    <div class="se-pre-con"/>
    <div class="wrapper">
      <script>
		window.userRole = '';
	</script>
      <nav class="navbar navbar-inverse navbar-fixed-top" role="navigation">
        <div class="container">
          <div class="navbar-header">
            <button type="button" class="navbar-toggle" data-toggle="collapse" data-target="#bs-example-navbar-collapse-1">
              <span class="sr-only">Toggle navigation</span>
              <span class="icon-bar"/>
              <span class="icon-bar"/>
              <span class="icon-bar"/>
            </button>
            <a shape="rect" class="navbar-brand" href="/medicare/home">Medicare</a>
          </div>
          <div class="collapse navbar-collapse" id="bs-example-navbar-collapse-1">
            <ul class="nav navbar-nav">
              <li id="about">
                <a shape="rect" href="/medicare/about">About</a>
              </li>
              <li id="contact">
                <a shape="rect" href="/medicare/contact">Contact</a>
              </li>
              <li id="listProducts">
                <a shape="rect" href="/medicare/show/all/products">View Products</a>
              </li>
            </ul>
            <ul class="nav navbar-nav navbar-right">
              <li id="signup">
                <a shape="rect" href="/medicare/membership">Sign Up</a>
              </li>
              <li id="login">
                <a shape="rect" href="/medicare/login">Login</a>
              </li>
            </ul>
          </div>
        </div>
      </nav>
      <div class="content">
        <div class="container">
          <div class="row">
            <div class="col-md-3">
              <p class="lead">Categories</p>
              <div class="list-group">
                <a shape="rect" class="list-group-item" id="a_Antipyretics" href="/medicare/show/category/1/products">Antipyretics</a>
                <a shape="rect" class="list-group-item" id="a_Analgesics" href="/medicare/show/category/2/products">Analgesics</a>
                <a shape="rect" class="list-group-item" id="a_Antibiotics" href="/medicare/show/category/3/products">Antibiotics</a>
              </div>
            </div>
            <div class="col-md-9">
              <div class="row">
                <div class="col-lg-12">
                  <script>
							window.categoryId = '2';
						</script>
                  <ol class="breadcrumb">
                    <li>
                      <a shape="rect" href="/medicare/home">Home</a>
                    </li>
                    <li class="active">Category</li>
                    <li class="active">Analgesics</li>
                  </ol>
                </div>
              </div>
              <div class="row">
                <div class="col-xs-12">
                  <table class="table table-striped table-borderd" id="productListTable">
                    <thead>
                      <tr>
                        <th colspan="1" rowspan="1"/>
                        <th colspan="1" rowspan="1">Name</th>
                        <th colspan="1" rowspan="1">Brand</th>
                        <th colspan="1" rowspan="1">Price</th>
                        <th colspan="1" rowspan="1">Qty. Available</th>
                        <th colspan="1" rowspan="1"/>
                      </tr>
                    </thead>
                    <tfoot>
                      <tr>
                        <th colspan="1" rowspan="1"/>
                        <th colspan="1" rowspan="1">Name</th>
                        <th colspan="1" rowspan="1">Brand</th>
                        <th colspan="1" rowspan="1">Price</th>
                        <th colspan="1" rowspan="1">Qty. Available</th>
                        <th colspan="1" rowspan="1"/>
                      </tr>
                    </tfoot>
                  </table>
                </div>
              </div>
            </div>
          </div>
        </div>
      </div>
      <div class="container footer">
        <hr/>
        <footer>
          <div class="row">
            <div class="col-lg-12">
              <p>Copyright © Medicare - Designed and Developed By Simplilearn</p>
            </div>
          </div>
        </footer>
      </div>
      <script src="/medicare/resources/js/jquery.js"/>
      <script src="/medicare/resources/js/jquery.validate.js"/>
      <script src="/medicare/resources/js/bootstrap.min.js"/>
      <script src="/medicare/resources/js/jquery.dataTables.js"/>
      <script src="/medicare/resources/js/dataTables.bootstrap.js"/>
      <script src="/medicare/resources/js/bootbox.min.js"/>
      <script src="/medicare/resources/js/myapp.js"/>
    </div>
  </body>
</html> 
